0.260158192056
1.73912726828
1.37750778695
0.776636281179
1.61149714765
1.67825958919
0.935852659228
0.197453004385
0.800890991146
0.0
0.474719157764
1.43566036698
1.19425441207
0.164134333205
0.646832523945
0.421622216978
0.0
0.0821430513382
0.512753111356
0.0
0.95495445075
1.34455952975
0.279135971055
0.197453004385
0.834648285181
1.01722605817
1.07355024086
1.50088566651
0.225564101345
1.48549962399
0.371232326641
0.0
1.49864719082
0.0
0.969744268115
0.989157102319
0.0821430513382
1.47116399774
0.565359289047
1.50088566651
1.04328127269
1.08273119262
1.15703185182
0.290715865467
0.730016630146
0.587031102183
0.925392356593
1.49213532908
1.06273729749
0.0
0.0
0.0821430513382
0.0
0.143726169939
0.372083921343
0.0
1.8338689066
0.846659870674
0.143726169939
0.0
0.992476003943
1.47340857298
1.47154664003
0.923750293949
1.65390629067
1.50977196509
0.730809504447
1.35698640346
1.20107523568
0.940279993755
